\BOOKMARK [0][-]{Abstract.0}{Abstract}{}% 1
\BOOKMARK [0][-]{Contents.0}{Contents}{}% 2
\BOOKMARK [0][-]{Dedication.0}{Dedication}{}% 3
\BOOKMARK [0][-]{chapter.0}{Materials\040and\040methods}{}% 4
\BOOKMARK [1][-]{section.0.1}{Shell\040fabrication}{chapter.0}% 5
\BOOKMARK [1][-]{section.0.2}{Spring\040experiment}{chapter.0}% 6
\BOOKMARK [1][-]{section.0.3}{Frictionless\040rail}{chapter.0}% 7
\BOOKMARK [1][-]{section.0.4}{Particle-image\040velocimetry\040measurements}{chapter.0}% 8
<<<<<<< HEAD
\BOOKMARK [1][-]{section.0.5}{Summary\040of\040the\040experimental\040setups}{chapter.0}% 9
\BOOKMARK [0][-]{Appendix.1.A}{Appendix\040Some\040extra\040stuff}{}% 10
\BOOKMARK [1][-]{section.1.A.1}{Molding\040equipments}{Appendix.1.A}% 11
\BOOKMARK [1][-]{section.1.A.2}{Dragon skin®30 molding protocol}{Appendix.1.A}% 12
\BOOKMARK [1][-]{section.1.A.3}{AJO\040121/122\040molding\040protocol}{Appendix.1.A}% 13
\BOOKMARK [1][-]{section.1.A.4}{Algorithm\040for\040fitting\040the\040external\040shape\040of\040the\040shell}{Appendix.1.A}% 14
\BOOKMARK [1][-]{section.1.A.5}{Frictionless\040rail}{Appendix.1.A}% 15
\BOOKMARK [1][-]{section.1.A.6}{PIV\040measurements}{Appendix.1.A}% 16
\BOOKMARK [0][-]{chapter*.40}{References}{}% 17
=======
\BOOKMARK [0][-]{Appendix.1.A}{Appendix\040Some\040extra\040stuff}{}% 9
\BOOKMARK [0][-]{chapter*.38}{References}{}% 10
>>>>>>> origin/master
